#
# There is insufficient memory for the Java Runtime Environment to continue.
# Native memory allocation (malloc) failed to allocate 1268336 bytes for Chunk::new
# Possible reasons:
#   The system is out of physical RAM or swap space
#   The process is running with CompressedOops enabled, and the Java Heap may be blocking the growth of the native heap
# Possible solutions:
#   Reduce memory load on the system
#   Increase physical memory or swap space
#   Check if swap backing store is full
#   Decrease Java heap size (-Xmx/-Xms)
#   Decrease number of Java threads
#   Decrease Java thread stack sizes (-Xss)
#   Set larger code cache with -XX:ReservedCodeCacheSize=
#   JVM is running with Unscaled Compressed Oops mode in which the Java heap is
#     placed in the first 4GB address space. The Java Heap base address is the
#     maximum limit for the native heap growth. Please use -XX:HeapBaseMinAddress
#     to set the Java Heap base and to place the Java Heap above 4GB virtual address.
# This output file may be truncated or incomplete.
#
#  Out of Memory Error (arena.cpp:189), pid=15020, tid=5476
#
# JRE version: Java(TM) SE Runtime Environment (17.0.11+7) (build 17.0.11+7-LTS-207)
# Java VM: Java HotSpot(TM) 64-Bit Server VM (17.0.11+7-LTS-207, mixed mode, sharing, tiered, compressed oops, compressed class ptrs, g1 gc, windows-amd64)
# No core dump will be written. Minidumps are not enabled by default on client versions of Windows
#

---------------  S U M M A R Y ------------

Command Line: -XX:MaxMetaspaceSize=512m --add-opens=java.base/java.util=ALL-UNNAMED --add-opens=java.base/java.lang=ALL-UNNAMED --add-opens=java.base/java.lang.invoke=ALL-UNNAMED --add-opens=java.prefs/java.util.prefs=ALL-UNNAMED --add-opens=java.base/java.nio.charset=ALL-UNNAMED --add-opens=java.base/java.net=ALL-UNNAMED --add-opens=java.base/java.util.concurrent.atomic=ALL-UNNAMED -Xmx2048m -Dfile.encoding=windows-1252 -Duser.country=GB -Duser.language=en -Duser.variant -javaagent:C:\Users\umar\.gradle\wrapper\dists\gradle-8.2-all\6mxqtxovn2faat1idb7p6lxsa\gradle-8.2\lib\agents\gradle-instrumentation-agent-8.2.jar org.gradle.launcher.daemon.bootstrap.GradleDaemon 8.2

Host: Intel(R) Core(TM) i7-3540M CPU @ 3.00GHz, 4 cores, 11G,  Windows 10 , 64 bit Build 19041 (10.0.19041.3636)
Time: Fri Aug  2 19:01:08 2024 Pakistan Standard Time elapsed time: 30.298501 seconds (0d 0h 0m 30s)

---------------  T H R E A D  ---------------

Current thread (0x00000236c1054de0):  JavaThread "C2 CompilerThread0" daemon [_thread_in_native, id=5476, stack(0x000000aae2000000,0x000000aae2100000)]


Current CompileTask:
C2:  30298 2529   !   4       java.net.URLClassLoader::findClass (47 bytes)

Stack: [0x000000aae2000000,0x000000aae2100000]
Native frames: (J=compiled Java code, j=interpreted, Vv=VM code, C=native code)
V  [jvm.dll+0x679cca]
V  [jvm.dll+0x7da13d]
V  [jvm.dll+0x7dba83]
V  [jvm.dll+0x7dc0f3]
V  [jvm.dll+0x2449af]
V  [jvm.dll+0xab83b]
V  [jvm.dll+0xabe1c]
V  [jvm.dll+0x36155f]
V  [jvm.dll+0x1b9dda]
V  [jvm.dll+0x216337]
V  [jvm.dll+0x21560f]
V  [jvm.dll+0x1a2040]
V  [jvm.dll+0x225a2b]
V  [jvm.dll+0x223bcb]
V  [jvm.dll+0x7903ec]
V  [jvm.dll+0x78a85a]
V  [jvm.dll+0x678bb5]
C  [ucrtbase.dll+0x21bb2]
C  [KERNEL32.DLL+0x17344]
C  [ntdll.dll+0x4cc91]


---------------  P R O C E S S  ---------------

Threads class SMR info:
_java_thread_list=0x00000236e314c560, length=27, elements={
0x00000236a174df80, 0x00000236c10347b0, 0x00000236c1035700, 0x00000236c104ded0,
0x00000236c104faa0, 0x00000236c1050660, 0x00000236c1053030, 0x00000236c1054de0,
0x00000236c1057970, 0x00000236c10ad410, 0x00000236c101eb00, 0x00000236c13295a0,
0x00000236e14b0d40, 0x00000236c15a9a20, 0x00000236e1864740, 0x00000236e1d38660,
0x00000236e1ab9680, 0x00000236c153e760, 0x00000236c1540fe0, 0x00000236c15414f0,
0x00000236c1541a00, 0x00000236c1540ad0, 0x00000236c153e250, 0x00000236c153f180,
0x00000236c15400b0, 0x00000236c153f690, 0x00000236c153fba0
}

Java Threads: ( => current thread )
  0x00000236a174df80 JavaThread "main" [_thread_blocked, id=10192, stack(0x000000aae1300000,0x000000aae1400000)]
  0x00000236c10347b0 JavaThread "Reference Handler" daemon [_thread_blocked, id=21420, stack(0x000000aae1a00000,0x000000aae1b00000)]
  0x00000236c1035700 JavaThread "Finalizer" daemon [_thread_blocked, id=10036, stack(0x000000aae1b00000,0x000000aae1c00000)]
  0x00000236c104ded0 JavaThread "Signal Dispatcher" daemon [_thread_blocked, id=20696, stack(0x000000aae1c00000,0x000000aae1d00000)]
  0x00000236c104faa0 JavaThread "Attach Listener" daemon [_thread_blocked, id=17920, stack(0x000000aae1d00000,0x000000aae1e00000)]
  0x00000236c1050660 JavaThread "Service Thread" daemon [_thread_blocked, id=16056, stack(0x000000aae1e00000,0x000000aae1f00000)]
  0x00000236c1053030 JavaThread "Monitor Deflation Thread" daemon [_thread_blocked, id=7064, stack(0x000000aae1f00000,0x000000aae2000000)]
=>0x00000236c1054de0 JavaThread "C2 CompilerThread0" daemon [_thread_in_native, id=5476, stack(0x000000aae2000000,0x000000aae2100000)]
  0x00000236c1057970 JavaThread "C1 CompilerThread0" daemon [_thread_blocked, id=5764, stack(0x000000aae2100000,0x000000aae2200000)]
  0x00000236c10ad410 JavaThread "Sweeper thread" daemon [_thread_blocked, id=17592, stack(0x000000aae2200000,0x000000aae2300000)]
  0x00000236c101eb00 JavaThread "Common-Cleaner" daemon [_thread_blocked, id=16248, stack(0x000000aae2300000,0x000000aae2400000)]
  0x00000236c13295a0 JavaThread "Notification Thread" daemon [_thread_blocked, id=16584, stack(0x000000aae2400000,0x000000aae2500000)]
  0x00000236e14b0d40 JavaThread "Daemon health stats" [_thread_blocked, id=17448, stack(0x000000aae2600000,0x000000aae2700000)]
  0x00000236c15a9a20 JavaThread "Incoming local TCP Connector on port 52822" [_thread_in_native, id=14732, stack(0x000000aae2a00000,0x000000aae2b00000)]
  0x00000236e1864740 JavaThread "Daemon periodic checks" [_thread_blocked, id=18384, stack(0x000000aae2b00000,0x000000aae2c00000)]
  0x00000236e1d38660 JavaThread "Daemon" [_thread_blocked, id=19140, stack(0x000000aae2c00000,0x000000aae2d00000)]
  0x00000236e1ab9680 JavaThread "Handler for socket connection from /127.0.0.1:52822 to /127.0.0.1:52823" [_thread_in_native, id=9172, stack(0x000000aae2d00000,0x000000aae2e00000)]
  0x00000236c153e760 JavaThread "Cancel handler" [_thread_blocked, id=20456, stack(0x000000aae2e00000,0x000000aae2f00000)]
  0x00000236c1540fe0 JavaThread "Daemon worker" [_thread_in_vm, id=7256, stack(0x000000aae2f00000,0x000000aae3000000)]
  0x00000236c15414f0 JavaThread "Asynchronous log dispatcher for DefaultDaemonConnection: socket connection from /127.0.0.1:52822 to /127.0.0.1:52823" [_thread_blocked, id=19044, stack(0x000000aae3000000,0x000000aae3100000)]
  0x00000236c1541a00 JavaThread "Stdin handler" [_thread_blocked, id=18172, stack(0x000000aae3100000,0x000000aae3200000)]
  0x00000236c1540ad0 JavaThread "Daemon client event forwarder" [_thread_blocked, id=4252, stack(0x000000aae3200000,0x000000aae3300000)]
  0x00000236c153e250 JavaThread "Cache worker for journal cache (C:\Users\umar\.gradle\caches\journal-1)" [_thread_blocked, id=17440, stack(0x000000aae3300000,0x000000aae3400000)]
  0x00000236c153f180 JavaThread "File lock request listener" [_thread_in_native, id=13044, stack(0x000000aae3400000,0x000000aae3500000)]
  0x00000236c15400b0 JavaThread "Cache worker for file hash cache (C:\Users\umar\.gradle\caches\8.2\fileHashes)" [_thread_blocked, id=9016, stack(0x000000aae3500000,0x000000aae3600000)]
  0x00000236c153f690 JavaThread "File watcher server" daemon [_thread_in_native, id=17420, stack(0x000000aae3600000,0x000000aae3700000)]
  0x00000236c153fba0 JavaThread "File watcher consumer" daemon [_thread_blocked, id=19588, stack(0x000000aae3700000,0x000000aae3800000)]

Other Threads:
  0x00000236c102fa80 VMThread "VM Thread" [stack: 0x000000aae1900000,0x000000aae1a00000] [id=19604]
  0x00000236c13695a0 WatcherThread [stack: 0x000000aae2500000,0x000000aae2600000] [id=18488]
  0x00000236a17a7240 GCTaskThread "GC Thread#0" [stack: 0x000000aae1400000,0x000000aae1500000] [id=20180]
  0x00000236c13c85d0 GCTaskThread "GC Thread#1" [stack: 0x000000aae2700000,0x000000aae2800000] [id=19256]
  0x00000236c17a42b0 GCTaskThread "GC Thread#2" [stack: 0x000000aae2800000,0x000000aae2900000] [id=14012]
  0x00000236c17a4570 GCTaskThread "GC Thread#3" [stack: 0x000000aae2900000,0x000000aae2a00000] [id=14444]
  0x00000236a17b8190 ConcurrentGCThread "G1 Main Marker" [stack: 0x000000aae1500000,0x000000aae1600000] [id=17184]
  0x00000236a17b8ba0 ConcurrentGCThread "G1 Conc#0" [stack: 0x000000aae1600000,0x000000aae1700000] [id=15376]
  0x00000236c0eec110 ConcurrentGCThread "G1 Refine#0" [stack: 0x000000aae1700000,0x000000aae1800000] [id=20348]
  0x00000236c0eecb40 ConcurrentGCThread "G1 Service" [stack: 0x000000aae1800000,0x000000aae1900000] [id=12356]

Threads with active compile tasks:
C2 CompilerThread0    30385 2529   !   4       java.net.URLClassLoader::findClass (47 bytes)

VM state: not at safepoint (normal execution)

VM Mutex/Monitor currently owned by a thread: None

Heap address: 0x0000000080000000, size: 2048 MB, Compressed Oops mode: 32-bit

CDS archive(s) mapped at: [0x00000236c2000000-0x00000236c2bd0000-0x00000236c2bd0000), size 12386304, SharedBaseAddress: 0x00000236c2000000, ArchiveRelocationMode: 1.
Compressed class space mapped at: 0x00000236c3000000-0x00000236dd000000, reserved size: 436207616
Narrow klass base: 0x00000236c2000000, Narrow klass shift: 0, Narrow klass range: 0x100000000

GC Precious Log:
 CPUs: 4 total, 4 available
 Memory: 12190M
 Large Page Support: Disabled
 NUMA Support: Disabled
 Compressed Oops: Enabled (32-bit)
 Heap Region Size: 1M
 Heap Min Capacity: 8M
 Heap Initial Capacity: 192M
 Heap Max Capacity: 2G
 Pre-touch: Disabled
 Parallel Workers: 4
 Concurrent Workers: 1
 Concurrent Refinement Workers: 4
 Periodic GC: Disabled

Heap:
 garbage-first heap   total 196608K, used 113794K [0x0000000080000000, 0x0000000100000000)
  region size 1024K, 102 young (104448K), 2 survivors (2048K)
 Metaspace       used 20016K, committed 20288K, reserved 491520K
  class space    used 2938K, committed 3072K, reserved 425984K

Heap Regions: E=young(eden), S=young(survivor), O=old, HS=humongous(starts), HC=humongous(continues), CS=collection set, F=free, OA=open archive, CA=closed archive, TAMS=top-at-mark-start (previous, next)
|   0|0x0000000080000000, 0x0000000080100000, 0x0000000080100000|100%| O|  |TAMS 0x0000000080000000, 0x0000000080000000| Untracked 
|   1|0x0000000080100000, 0x0000000080200000, 0x0000000080200000|100%| O|  |TAMS 0x0000000080100000, 0x0000000080100000| Untracked 
|   2|0x0000000080200000, 0x0000000080300000, 0x0000000080300000|100%|HS|  |TAMS 0x0000000080200000, 0x0000000080200000| Complete 
|   3|0x0000000080300000, 0x0000000080400000, 0x0000000080400000|100%|HC|  |TAMS 0x0000000080300000, 0x0000000080300000| Complete 
|   4|0x0000000080400000, 0x0000000080500000, 0x0000000080500000|100%|HC|  |TAMS 0x0000000080400000, 0x0000000080400000| Complete 
|   5|0x0000000080500000, 0x0000000080600000, 0x0000000080600000|100%|HC|  |TAMS 0x0000000080500000, 0x0000000080500000| Complete 
|   6|0x0000000080600000, 0x0000000080700000, 0x0000000080700000|100%| O|  |TAMS 0x0000000080600000, 0x0000000080600000| Untracked 
|   7|0x0000000080700000, 0x0000000080800000, 0x0000000080800000|100%| O|  |TAMS 0x0000000080700000, 0x0000000080700000| Untracked 
|   8|0x0000000080800000, 0x0000000080800000, 0x0000000080900000|  0%| F|  |TAMS 0x0000000080800000, 0x0000000080800000| Untracked 
|   9|0x0000000080900000, 0x0000000080a00000, 0x0000000080a00000|100%| O|  |TAMS 0x0000000080900000, 0x0000000080900000| Untracked 
|  10|0x0000000080a00000, 0x0000000080b00000, 0x0000000080b00000|100%| O|  |TAMS 0x0000000080a00000, 0x0000000080a00000| Untracked 
|  11|0x0000000080b00000, 0x0000000080b65600, 0x0000000080c00000| 39%| O|  |TAMS 0x0000000080b00000, 0x0000000080b00000| Untracked 
|  12|0x0000000080c00000, 0x0000000080c00000, 0x0000000080d00000|  0%| F|  |TAMS 0x0000000080c00000, 0x0000000080c00000| Untracked 
|  13|0x0000000080d00000, 0x0000000080d00000, 0x0000000080e00000|  0%| F|  |TAMS 0x0000000080d00000, 0x0000000080d00000| Untracked 
|  14|0x0000000080e00000, 0x0000000080e00000, 0x0000000080f00000|  0%| F|  |TAMS 0x0000000080e00000, 0x0000000080e00000| Untracked 
|  15|0x0000000080f00000, 0x0000000080f00000, 0x0000000081000000|  0%| F|  |TAMS 0x0000000080f00000, 0x0000000080f00000| Untracked 
|  16|0x0000000081000000, 0x0000000081000000, 0x0000000081100000|  0%| F|  |TAMS 0x0000000081000000, 0x0000000081000000| Untracked 
|  17|0x0000000081100000, 0x0000000081100000, 0x0000000081200000|  0%| F|  |TAMS 0x0000000081100000, 0x0000000081100000| Untracked 
|  18|0x0000000081200000, 0x0000000081200000, 0x0000000081300000|  0%| F|  |TAMS 0x0000000081200000, 0x0000000081200000| Untracked 
|  19|0x0000000081300000, 0x0000000081300000, 0x0000000081400000|  0%| F|  |TAMS 0x0000000081300000, 0x0000000081300000| Untracked 
|  20|0x0000000081400000, 0x0000000081400000, 0x0000000081500000|  0%| F|  |TAMS 0x0000000081400000, 0x0000000081400000| Untracked 
|  21|0x0000000081500000, 0x0000000081500000, 0x0000000081600000|  0%| F|  |TAMS 0x0000000081500000, 0x0000000081500000| Untracked 
|  22|0x0000000081600000, 0x0000000081600000, 0x0000000081700000|  0%| F|  |TAMS 0x0000000081600000, 0x0000000081600000| Untracked 
|  23|0x0000000081700000, 0x0000000081700000, 0x0000000081800000|  0%| F|  |TAMS 0x0000000081700000, 0x0000000081700000| Untracked 
|  24|0x0000000081800000, 0x0000000081800000, 0x0000000081900000|  0%| F|  |TAMS 0x0000000081800000, 0x0000000081800000| Untracked 
|  25|0x0000000081900000, 0x0000000081900000, 0x0000000081a00000|  0%| F|  |TAMS 0x0000000081900000, 0x0000000081900000| Untracked 
|  26|0x0000000081a00000, 0x0000000081a00000, 0x0000000081b00000|  0%| F|  |TAMS 0x0000000081a00000, 0x0000000081a00000| Untracked 
|  27|0x0000000081b00000, 0x0000000081b00000, 0x0000000081c00000|  0%| F|  |TAMS 0x0000000081b00000, 0x0000000081b00000| Untracked 
|  28|0x0000000081c00000, 0x0000000081c00000, 0x0000000081d00000|  0%| F|  |TAMS 0x0000000081c00000, 0x0000000081c00000| Untracked 
|  29|0x0000000081d00000, 0x0000000081d00000, 0x0000000081e00000|  0%| F|  |TAMS 0x0000000081d00000, 0x0000000081d00000| Untracked 
|  30|0x0000000081e00000, 0x0000000081e00000, 0x0000000081f00000|  0%| F|  |TAMS 0x0000000081e00000, 0x0000000081e00000| Untracked 
|  31|0x0000000081f00000, 0x0000000081f00000, 0x0000000082000000|  0%| F|  |TAMS 0x0000000081f00000, 0x0000000081f00000| Untracked 
|  32|0x0000000082000000, 0x0000000082000000, 0x0000000082100000|  0%| F|  |TAMS 0x0000000082000000, 0x0000000082000000| Untracked 
|  33|0x0000000082100000, 0x0000000082100000, 0x0000000082200000|  0%| F|  |TAMS 0x0000000082100000, 0x0000000082100000| Untracked 
|  34|0x0000000082200000, 0x0000000082200000, 0x0000000082300000|  0%| F|  |TAMS 0x0000000082200000, 0x0000000082200000| Untracked 
|  35|0x0000000082300000, 0x0000000082300000, 0x0000000082400000|  0%| F|  |TAMS 0x0000000082300000, 0x0000000082300000| Untracked 
|  36|0x0000000082400000, 0x0000000082400000, 0x0000000082500000|  0%| F|  |TAMS 0x0000000082400000, 0x0000000082400000| Untracked 
|  37|0x0000000082500000, 0x0000000082500000, 0x0000000082600000|  0%| F|  |TAMS 0x0000000082500000, 0x0000000082500000| Untracked 
|  38|0x0000000082600000, 0x0000000082600000, 0x0000000082700000|  0%| F|  |TAMS 0x0000000082600000, 0x0000000082600000| Untracked 
|  39|0x0000000082700000, 0x0000000082700000, 0x0000000082800000|  0%| F|  |TAMS 0x0000000082700000, 0x0000000082700000| Untracked 
|  40|0x0000000082800000, 0x0000000082800000, 0x0000000082900000|  0%| F|  |TAMS 0x0000000082800000, 0x0000000082800000| Untracked 
|  41|0x0000000082900000, 0x0000000082900000, 0x0000000082a00000|  0%| F|  |TAMS 0x0000000082900000, 0x0000000082900000| Untracked 
|  42|0x0000000082a00000, 0x0000000082a00000, 0x0000000082b00000|  0%| F|  |TAMS 0x0000000082a00000, 0x0000000082a00000| Untracked 
|  43|0x0000000082b00000, 0x0000000082b00000, 0x0000000082c00000|  0%| F|  |TAMS 0x0000000082b00000, 0x0000000082b00000| Untracked 
|  44|0x0000000082c00000, 0x0000000082c00000, 0x0000000082d00000|  0%| F|  |TAMS 0x0000000082c00000, 0x0000000082c00000| Untracked 
|  45|0x0000000082d00000, 0x0000000082d00000, 0x0000000082e00000|  0%| F|  |TAMS 0x0000000082d00000, 0x0000000082d00000| Untracked 
|  46|0x0000000082e00000, 0x0000000082e00000, 0x0000000082f00000|  0%| F|  |TAMS 0x0000000082e00000, 0x0000000082e00000| Untracked 
|  47|0x0000000082f00000, 0x0000000082f00000, 0x0000000083000000|  0%| F|  |TAMS 0x0000000082f00000, 0x0000000082f00000| Untracked 
|  48|0x0000000083000000, 0x0000000083000000, 0x0000000083100000|  0%| F|  |TAMS 0x0000000083000000, 0x0000000083000000| Untracked 
|  49|0x0000000083100000, 0x0000000083100000, 0x0000000083200000|  0%| F|  |TAMS 0x0000000083100000, 0x0000000083100000| Untracked 
|  50|0x0000000083200000, 0x0000000083200000, 0x0000000083300000|  0%| F|  |TAMS 0x0000000083200000, 0x0000000083200000| Untracked 
|  51|0x0000000083300000, 0x0000000083300000, 0x0000000083400000|  0%| F|  |TAMS 0x0000000083300000, 0x0000000083300000| Untracked 
|  52|0x0000000083400000, 0x0000000083400000, 0x0000000083500000|  0%| F|  |TAMS 0x0000000083400000, 0x0000000083400000| Untracked 
|  53|0x0000000083500000, 0x0000000083500000, 0x0000000083600000|  0%| F|  |TAMS 0x0000000083500000, 0x0000000083500000| Untracked 
|  54|0x0000000083600000, 0x0000000083600000, 0x0000000083700000|  0%| F|  |TAMS 0x0000000083600000, 0x0000000083600000| Untracked 
|  55|0x0000000083700000, 0x0000000083700000, 0x0000000083800000|  0%| F|  |TAMS 0x0000000083700000, 0x0000000083700000| Untracked 
|  56|0x0000000083800000, 0x0000000083800000, 0x0000000083900000|  0%| F|  |TAMS 0x0000000083800000, 0x0000000083800000| Untracked 
|  57|0x0000000083900000, 0x0000000083900000, 0x0000000083a00000|  0%| F|  |TAMS 0x0000000083900000, 0x0000000083900000| Untracked 
|  58|0x0000000083a00000, 0x0000000083a00000, 0x0000000083b00000|  0%| F|  |TAMS 0x0000000083a00000, 0x0000000083a00000| Untracked 
|  59|0x0000000083b00000, 0x0000000083b00000, 0x0000000083c00000|  0%| F|  |TAMS 0x0000000083b00000, 0x0000000083b00000| Untracked 
|  60|0x0000000083c00000, 0x0000000083c00000, 0x0000000083d00000|  0%| F|  |TAMS 0x0000000083c00000, 0x0000000083c00000| Untracked 
|  61|0x0000000083d00000, 0x0000000083d00000, 0x0000000083e00000|  0%| F|  |TAMS 0x0000000083d00000, 0x0000000083d00000| Untracked 
|  62|0x0000000083e00000, 0x0000000083e00000, 0x0000000083f00000|  0%| F|  |TAMS 0x0000000083e00000, 0x0000000083e00000| Untracked 
|  63|0x0000000083f00000, 0x0000000083f00000, 0x0000000084000000|  0%| F|  |TAMS 0x0000000083f00000, 0x0000000083f00000| Untracked 
|  64|0x0000000084000000, 0x0000000084000000, 0x0000000084100000|  0%| F|  |TAMS 0x0000000084000000, 0x0000000084000000| Untracked 
|  65|0x0000000084100000, 0x0000000084100000, 0x0000000084200000|  0%| F|  |TAMS 0x0000000084100000, 0x0000000084100000| Untracked 
|  66|0x0000000084200000, 0x0000000084200000, 0x0000000084300000|  0%| F|  |TAMS 0x0000000084200000, 0x0000000084200000| Untracked 
|  67|0x0000000084300000, 0x0000000084300000, 0x0000000084400000|  0%| F|  |TAMS 0x0000000084300000, 0x0000000084300000| Untracked 
|  68|0x0000000084400000, 0x0000000084400000, 0x0000000084500000|  0%| F|  |TAMS 0x0000000084400000, 0x0000000084400000| Untracked 
|  69|0x0000000084500000, 0x0000000084500000, 0x0000000084600000|  0%| F|  |TAMS 0x0000000084500000, 0x0000000084500000| Untracked 
|  70|0x0000000084600000, 0x0000000084600000, 0x0000000084700000|  0%| F|  |TAMS 0x0000000084600000, 0x0000000084600000| Untracked 
|  71|0x0000000084700000, 0x0000000084700000, 0x0000000084800000|  0%| F|  |TAMS 0x0000000084700000, 0x0000000084700000| Untracked 
|  72|0x0000000084800000, 0x0000000084800000, 0x0000000084900000|  0%| F|  |TAMS 0x0000000084800000, 0x0000000084800000| Untracked 
|  73|0x0000000084900000, 0x0000000084900000, 0x0000000084a00000|  0%| F|  |TAMS 0x0000000084900000, 0x0000000084900000| Untracked 
|  74|0x0000000084a00000, 0x0000000084a00000, 0x0000000084b00000|  0%| F|  |TAMS 0x0000000084a00000, 0x0000000084a00000| Untracked 
|  75|0x0000000084b00000, 0x0000000084b00000, 0x0000000084c00000|  0%| F|  |TAMS 0x0000000084b00000, 0x0000000084b00000| Untracked 
|  76|0x0000000084c00000, 0x0000000084c00000, 0x0000000084d00000|  0%| F|  |TAMS 0x0000000084c00000, 0x0000000084c00000| Untracked 
|  77|0x0000000084d00000, 0x0000000084d00000, 0x0000000084e00000|  0%| F|  |TAMS 0x0000000084d00000, 0x0000000084d00000| Untracked 
|  78|0x0000000084e00000, 0x0000000084e00000, 0x0000000084f00000|  0%| F|  |TAMS 0x0000000084e00000, 0x0000000084e00000| Untracked 
|  79|0x0000000084f00000, 0x0000000084f00000, 0x0000000085000000|  0%| F|  |TAMS 0x0000000084f00000, 0x0000000084f00000| Untracked 
|  80|0x0000000085000000, 0x0000000085000000, 0x0000000085100000|  0%| F|  |TAMS 0x0000000085000000, 0x0000000085000000| Untracked 
|  81|0x0000000085100000, 0x0000000085100000, 0x0000000085200000|  0%| F|  |TAMS 0x0000000085100000, 0x0000000085100000| Untracked 
|  82|0x0000000085200000, 0x0000000085200000, 0x0000000085300000|  0%| F|  |TAMS 0x0000000085200000, 0x0000000085200000| Untracked 
|  83|0x0000000085300000, 0x0000000085300000, 0x0000000085400000|  0%| F|  |TAMS 0x0000000085300000, 0x0000000085300000| Untracked 
|  84|0x0000000085400000, 0x0000000085400000, 0x0000000085500000|  0%| F|  |TAMS 0x0000000085400000, 0x0000000085400000| Untracked 
|  85|0x0000000085500000, 0x0000000085500000, 0x0000000085600000|  0%| F|  |TAMS 0x0000000085500000, 0x0000000085500000| Untracked 
|  86|0x0000000085600000, 0x0000000085600000, 0x0000000085700000|  0%| F|  |TAMS 0x0000000085600000, 0x0000000085600000| Untracked 
|  87|0x0000000085700000, 0x0000000085700000, 0x0000000085800000|  0%| F|  |TAMS 0x0000000085700000, 0x0000000085700000| Untracked 
|  88|0x0000000085800000, 0x0000000085800000, 0x0000000085900000|  0%| F|  |TAMS 0x0000000085800000, 0x0000000085800000| Untracked 
|  89|0x0000000085900000, 0x0000000085980800, 0x0000000085a00000| 50%| E|  |TAMS 0x0000000085900000, 0x0000000085900000| Complete 
|  90|0x0000000085a00000, 0x0000000085b00000, 0x0000000085b00000|100%| E|CS|TAMS 0x0000000085a00000, 0x0000000085a00000| Complete 
|  91|0x0000000085b00000, 0x0000000085c00000, 0x0000000085c00000|100%| E|CS|TAMS 0x0000000085b00000, 0x0000000085b00000| Complete 
|  92|0x0000000085c00000, 0x0000000085d00000, 0x0000000085d00000|100%| E|CS|TAMS 0x0000000085c00000, 0x0000000085c00000| Complete 
|  93|0x0000000085d00000, 0x0000000085e00000, 0x0000000085e00000|100%| E|CS|TAMS 0x0000000085d00000, 0x0000000085d00000| Complete 
|  94|0x0000000085e00000, 0x0000000085f00000, 0x0000000085f00000|100%| E|CS|TAMS 0x0000000085e00000, 0x0000000085e00000| Complete 
|  95|0x0000000085f00000, 0x0000000086000000, 0x0000000086000000|100%| E|CS|TAMS 0x0000000085f00000, 0x0000000085f00000| Complete 
|  96|0x0000000086000000, 0x0000000086100000, 0x0000000086100000|100%| E|CS|TAMS 0x0000000086000000, 0x0000000086000000| Complete 
|  97|0x0000000086100000, 0x0000000086200000, 0x0000000086200000|100%| E|CS|TAMS 0x0000000086100000, 0x0000000086100000| Complete 
|  98|0x0000000086200000, 0x0000000086300000, 0x0000000086300000|100%| E|CS|TAMS 0x0000000086200000, 0x0000000086200000| Complete 
|  99|0x0000000086300000, 0x0000000086400000, 0x0000000086400000|100%| E|CS|TAMS 0x0000000086300000, 0x0000000086300000| Complete 
| 100|0x0000000086400000, 0x0000000086500000, 0x0000000086500000|100%| E|CS|TAMS 0x0000000086400000, 0x0000000086400000| Complete 
| 101|0x0000000086500000, 0x0000000086600000, 0x0000000086600000|100%| E|CS|TAMS 0x0000000086500000, 0x0000000086500000| Complete 
| 102|0x0000000086600000, 0x0000000086700000, 0x0000000086700000|100%| E|CS|TAMS 0x0000000086600000, 0x0000000086600000| Complete 
| 103|0x0000000086700000, 0x0000000086800000, 0x0000000086800000|100%| E|CS|TAMS 0x0000000086700000, 0x0000000086700000| Complete 
| 104|0x0000000086800000, 0x0000000086900000, 0x0000000086900000|100%| E|CS|TAMS 0x0000000086800000, 0x0000000086800000| Complete 
| 105|0x0000000086900000, 0x0000000086a00000, 0x0000000086a00000|100%| E|CS|TAMS 0x0000000086900000, 0x0000000086900000| Complete 
| 106|0x0000000086a00000, 0x0000000086b00000, 0x0000000086b00000|100%| E|CS|TAMS 0x0000000086a00000, 0x0000000086a00000| Complete 
| 107|0x0000000086b00000, 0x0000000086c00000, 0x0000000086c00000|100%| E|CS|TAMS 0x0000000086b00000, 0x0000000086b00000| Complete 
| 108|0x0000000086c00000, 0x0000000086d00000, 0x0000000086d00000|100%| E|CS|TAMS 0x0000000086c00000, 0x0000000086c00000| Complete 
| 109|0x0000000086d00000, 0x0000000086e00000, 0x0000000086e00000|100%| E|CS|TAMS 0x0000000086d00000, 0x0000000086d00000| Complete 
| 110|0x0000000086e00000, 0x0000000086f00000, 0x0000000086f00000|100%| E|CS|TAMS 0x0000000086e00000, 0x0000000086e00000| Complete 
| 111|0x0000000086f00000, 0x0000000087000000, 0x0000000087000000|100%| E|CS|TAMS 0x0000000086f00000, 0x0000000086f00000| Complete 
| 112|0x0000000087000000, 0x0000000087100000, 0x0000000087100000|100%| E|CS|TAMS 0x0000000087000000, 0x0000000087000000| Complete 
| 113|0x0000000087100000, 0x0000000087200000, 0x0000000087200000|100%| E|CS|TAMS 0x0000000087100000, 0x0000000087100000| Complete 
| 114|0x0000000087200000, 0x0000000087300000, 0x0000000087300000|100%| E|CS|TAMS 0x0000000087200000, 0x0000000087200000| Complete 
| 115|0x0000000087300000, 0x0000000087400000, 0x0000000087400000|100%| E|CS|TAMS 0x0000000087300000, 0x0000000087300000| Complete 
| 116|0x0000000087400000, 0x0000000087500000, 0x0000000087500000|100%| E|CS|TAMS 0x0000000087400000, 0x0000000087400000| Complete 
| 117|0x0000000087500000, 0x0000000087600000, 0x0000000087600000|100%| E|CS|TAMS 0x0000000087500000, 0x0000000087500000| Complete 
| 118|0x0000000087600000, 0x0000000087700000, 0x0000000087700000|100%| E|CS|TAMS 0x0000000087600000, 0x0000000087600000| Complete 
| 119|0x0000000087700000, 0x0000000087800000, 0x0000000087800000|100%| E|CS|TAMS 0x0000000087700000, 0x0000000087700000| Complete 
| 120|0x0000000087800000, 0x0000000087900000, 0x0000000087900000|100%| E|CS|TAMS 0x0000000087800000, 0x0000000087800000| Complete 
| 121|0x0000000087900000, 0x0000000087a00000, 0x0000000087a00000|100%| E|CS|TAMS 0x0000000087900000, 0x0000000087900000| Complete 
| 122|0x0000000087a00000, 0x0000000087b00000, 0x0000000087b00000|100%| E|CS|TAMS 0x0000000087a00000, 0x0000000087a00000| Complete 
| 123|0x0000000087b00000, 0x0000000087c00000, 0x0000000087c00000|100%| E|CS|TAMS 0x0000000087b00000, 0x0000000087b00000| Complete 
| 124|0x0000000087c00000, 0x0000000087d00000, 0x0000000087d00000|100%| E|CS|TAMS 0x0000000087c00000, 0x0000000087c00000| Complete 
| 125|0x0000000087d00000, 0x0000000087e00000, 0x0000000087e00000|100%| E|CS|TAMS 0x0000000087d00000, 0x0000000087d00000| Complete 
| 126|0x0000000087e00000, 0x0000000087f00000, 0x0000000087f00000|100%| E|CS|TAMS 0x0000000087e00000, 0x0000000087e00000| Complete 
| 127|0x0000000087f00000, 0x0000000088000000, 0x0000000088000000|100%| E|CS|TAMS 0x0000000087f00000, 0x0000000087f00000| Complete 
| 128|0x0000000088000000, 0x0000000088100000, 0x0000000088100000|100%| E|CS|TAMS 0x0000000088000000, 0x0000000088000000| Complete 
| 129|0x0000000088100000, 0x0000000088200000, 0x0000000088200000|100%| E|CS|TAMS 0x0000000088100000, 0x0000000088100000| Complete 
| 130|0x0000000088200000, 0x0000000088300000, 0x0000000088300000|100%| E|CS|TAMS 0x0000000088200000, 0x0000000088200000| Complete 
| 131|0x0000000088300000, 0x0000000088400000, 0x0000000088400000|100%| E|CS|TAMS 0x0000000088300000, 0x0000000088300000| Complete 
| 132|0x0000000088400000, 0x0000000088500000, 0x0000000088500000|100%| E|CS|TAMS 0x0000000088400000, 0x0000000088400000| Complete 
| 133|0x0000000088500000, 0x0000000088600000, 0x0000000088600000|100%| E|CS|TAMS 0x0000000088500000, 0x0000000088500000| Complete 
| 134|0x0000000088600000, 0x0000000088700000, 0x0000000088700000|100%| E|CS|TAMS 0x0000000088600000, 0x0000000088600000| Complete 
| 135|0x0000000088700000, 0x0000000088800000, 0x0000000088800000|100%| E|CS|TAMS 0x0000000088700000, 0x0000000088700000| Complete 
| 136|0x0000000088800000, 0x0000000088900000, 0x0000000088900000|100%| E|CS|TAMS 0x0000000088800000, 0x0000000088800000| Complete 
| 137|0x0000000088900000, 0x0000000088a00000, 0x0000000088a00000|100%| E|CS|TAMS 0x0000000088900000, 0x0000000088900000| Complete 
| 138|0x0000000088a00000, 0x0000000088b00000, 0x0000000088b00000|100%| E|CS|TAMS 0x0000000088a00000, 0x0000000088a00000| Complete 
| 139|0x0000000088b00000, 0x0000000088c00000, 0x0000000088c00000|100%| E|CS|TAMS 0x0000000088b00000, 0x0000000088b00000| Complete 
| 140|0x0000000088c00000, 0x0000000088d00000, 0x0000000088d00000|100%| E|CS|TAMS 0x0000000088c00000, 0x0000000088c00000| Complete 
| 141|0x0000000088d00000, 0x0000000088e00000, 0x0000000088e00000|100%| E|CS|TAMS 0x0000000088d00000, 0x0000000088d00000| Complete 
| 142|0x0000000088e00000, 0x0000000088f00000, 0x0000000088f00000|100%| E|CS|TAMS 0x0000000088e00000, 0x0000000088e00000| Complete 
| 143|0x0000000088f00000, 0x0000000089000000, 0x0000000089000000|100%| E|CS|TAMS 0x0000000088f00000, 0x0000000088f00000| Complete 
| 144|0x0000000089000000, 0x0000000089100000, 0x0000000089100000|100%| E|CS|TAMS 0x0000000089000000, 0x0000000089000000| Complete 
| 145|0x0000000089100000, 0x0000000089200000, 0x0000000089200000|100%| E|CS|TAMS 0x0000000089100000, 0x0000000089100000| Complete 
| 146|0x0000000089200000, 0x0000000089300000, 0x0000000089300000|100%| E|CS|TAMS 0x0000000089200000, 0x0000000089200000| Complete 
| 147|0x0000000089300000, 0x0000000089400000, 0x0000000089400000|100%| E|CS|TAMS 0x0000000089300000, 0x0000000089300000| Complete 
| 148|0x0000000089400000, 0x0000000089500000, 0x0000000089500000|100%| E|CS|TAMS 0x0000000089400000, 0x0000000089400000| Complete 
| 149|0x0000000089500000, 0x0000000089600000, 0x0000000089600000|100%| E|CS|TAMS 0x0000000089500000, 0x0000000089500000| Complete 
| 150|0x0000000089600000, 0x0000000089700000, 0x0000000089700000|100%| E|CS|TAMS 0x0000000089600000, 0x0000000089600000| Complete 
| 151|0x0000000089700000, 0x0000000089800000, 0x0000000089800000|100%| E|CS|TAMS 0x0000000089700000, 0x0000000089700000| Complete 
| 152|0x0000000089800000, 0x0000000089900000, 0x0000000089900000|100%| E|CS|TAMS 0x0000000089800000, 0x0000000089800000| Complete 
| 153|0x0000000089900000, 0x0000000089a00000, 0x0000000089a00000|100%| E|CS|TAMS 0x0000000089900000, 0x0000000089900000| Complete 
| 154|0x0000000089a00000, 0x0000000089b00000, 0x0000000089b00000|100%| E|CS|TAMS 0x0000000089a00000, 0x0000000089a00000| Complete 
| 155|0x0000000089b00000, 0x0000000089c00000, 0x0000000089c00000|100%| E|CS|TAMS 0x0000000089b00000, 0x0000000089b00000| Complete 
| 156|0x0000000089c00000, 0x0000000089d00000, 0x0000000089d00000|100%| E|CS|TAMS 0x0000000089c00000, 0x0000000089c00000| Complete 
| 157|0x0000000089d00000, 0x0000000089e00000, 0x0000000089e00000|100%| E|CS|TAMS 0x0000000089d00000, 0x0000000089d00000| Complete 
| 158|0x0000000089e00000, 0x0000000089f00000, 0x0000000089f00000|100%| E|CS|TAMS 0x0000000089e00000, 0x0000000089e00000| Complete 
| 159|0x0000000089f00000, 0x000000008a000000, 0x000000008a000000|100%| E|CS|TAMS 0x0000000089f00000, 0x0000000089f00000| Complete 
| 160|0x000000008a000000, 0x000000008a100000, 0x000000008a100000|100%| E|CS|TAMS 0x000000008a000000, 0x000000008a000000| Complete 
| 161|0x000000008a100000, 0x000000008a200000, 0x000000008a200000|100%| E|CS|TAMS 0x000000008a100000, 0x000000008a100000| Complete 
| 162|0x000000008a200000, 0x000000008a300000, 0x000000008a300000|100%| E|CS|TAMS 0x000000008a200000, 0x000000008a200000| Complete 
| 163|0x000000008a300000, 0x000000008a400000, 0x000000008a400000|100%| E|CS|TAMS 0x000000008a300000, 0x000000008a300000| Complete 
| 164|0x000000008a400000, 0x000000008a500000, 0x000000008a500000|100%| E|CS|TAMS 0x000000008a400000, 0x000000008a400000| Complete 
| 165|0x000000008a500000, 0x000000008a5bb488, 0x000000008a600000| 73%| S|CS|TAMS 0x000000008a500000, 0x000000008a500000| Complete 
| 166|0x000000008a600000, 0x000000008a700000, 0x000000008a700000|100%| S|CS|TAMS 0x000000008a600000, 0x000000008a600000| Complete 
| 167|0x000000008a700000, 0x000000008a800000, 0x000000008a800000|100%| E|CS|TAMS 0x000000008a700000, 0x000000008a700000| Complete 
| 168|0x000000008a800000, 0x000000008a900000, 0x000000008a900000|100%| E|CS|TAMS 0x000000008a800000, 0x000000008a800000| Complete 
| 169|0x000000008a900000, 0x000000008aa00000, 0x000000008aa00000|100%| E|CS|TAMS 0x000000008a900000, 0x000000008a900000| Complete 
| 170|0x000000008aa00000, 0x000000008ab00000, 0x000000008ab00000|100%| E|CS|TAMS 0x000000008aa00000, 0x000000008aa00000| Complete 
| 171|0x000000008ab00000, 0x000000008ac00000, 0x000000008ac00000|100%| E|CS|TAMS 0x000000008ab00000, 0x000000008ab00000| Complete 
| 172|0x000000008ac00000, 0x000000008ad00000, 0x000000008ad00000|100%| E|CS|TAMS 0x000000008ac00000, 0x000000008ac00000| Complete 
| 173|0x000000008ad00000, 0x000000008ae00000, 0x000000008ae00000|100%| E|CS|TAMS 0x000000008ad00000, 0x000000008ad00000| Complete 
| 174|0x000000008ae00000, 0x000000008af00000, 0x000000008af00000|100%| E|CS|TAMS 0x000000008ae00000, 0x000000008ae00000| Complete 
| 175|0x000000008af00000, 0x000000008b000000, 0x000000008b000000|100%| E|CS|TAMS 0x000000008af00000, 0x000000008af00000| Complete 
| 176|0x000000008b000000, 0x000000008b100000, 0x000000008b100000|100%| E|CS|TAMS 0x000000008b000000, 0x000000008b000000| Complete 
| 177|0x000000008b100000, 0x000000008b200000, 0x000000008b200000|100%| E|CS|TAMS 0x000000008b100000, 0x000000008b100000| Complete 
| 178|0x000000008b200000, 0x000000008b300000, 0x000000008b300000|100%| E|CS|TAMS 0x000000008b200000, 0x000000008b200000| Complete 
| 179|0x000000008b300000, 0x000000008b400000, 0x000000008b400000|100%| E|CS|TAMS 0x000000008b300000, 0x000000008b300000| Complete 
| 180|0x000000008b400000, 0x000000008b500000, 0x000000008b500000|100%| E|CS|TAMS 0x000000008b400000, 0x000000008b400000| Complete 
| 181|0x000000008b500000, 0x000000008b600000, 0x000000008b600000|100%| E|CS|TAMS 0x000000008b500000, 0x000000008b500000| Complete 
| 182|0x000000008b600000, 0x000000008b700000, 0x000000008b700000|100%| E|CS|TAMS 0x000000008b600000, 0x000000008b600000| Complete 
| 183|0x000000008b700000, 0x000000008b800000, 0x000000008b800000|100%| E|CS|TAMS 0x000000008b700000, 0x000000008b700000| Complete 
| 184|0x000000008b800000, 0x000000008b900000, 0x000000008b900000|100%| E|CS|TAMS 0x000000008b800000, 0x000000008b800000| Complete 
| 185|0x000000008b900000, 0x000000008ba00000, 0x000000008ba00000|100%| E|CS|TAMS 0x000000008b900000, 0x000000008b900000| Complete 
| 186|0x000000008ba00000, 0x000000008bb00000, 0x000000008bb00000|100%| E|CS|TAMS 0x000000008ba00000, 0x000000008ba00000| Complete 
| 187|0x000000008bb00000, 0x000000008bc00000, 0x000000008bc00000|100%| E|CS|TAMS 0x000000008bb00000, 0x000000008bb00000| Complete 
| 188|0x000000008bc00000, 0x000000008bd00000, 0x000000008bd00000|100%| E|CS|TAMS 0x000000008bc00000, 0x000000008bc00000| Complete 
| 189|0x000000008bd00000, 0x000000008be00000, 0x000000008be00000|100%| E|CS|TAMS 0x000000008bd00000, 0x000000008bd00000| Complete 
| 190|0x000000008be00000, 0x000000008bf00000, 0x000000008bf00000|100%| E|CS|TAMS 0x000000008be00000, 0x000000008be00000| Complete 
| 191|0x000000008bf00000, 0x000000008c000000, 0x000000008c000000|100%| E|CS|TAMS 0x000000008bf00000, 0x000000008bf00000| Complete 

Card table byte_map: [0x00000236ba220000,0x00000236ba620000] _byte_map_base: 0x00000236b9e20000

Marking Bits (Prev, Next): (CMBitMap*) 0x00000236a17a7860, (CMBitMap*) 0x00000236a17a78a0
 Prev Bits: [0x00000236baa20000, 0x00000236bca20000)
 Next Bits: [0x00000236bca20000, 0x00000236bea20000)

Polling page: 0x00000236a15c0000

Metaspace:

Usage:
  Non-class:     16.70 MB used.
      Class:      2.87 MB used.
       Both:     19.57 MB used.

Virtual space:
  Non-class space:       64.00 MB reserved,      16.81 MB ( 26%) committed,  1 nodes.
      Class space:      416.00 MB reserved,       3.06 MB ( <1%) committed,  1 nodes.
             Both:      480.00 MB reserved,      19.88 MB (  4%) committed. 

Chunk freelists:
   Non-Class:  14.69 MB
       Class:  12.98 MB
        Both:  27.67 MB

MaxMetaspaceSize: 512.00 MB
CompressedClassSpaceSize: 416.00 MB
Initial GC threshold: 21.00 MB
Current GC threshold: 21.00 MB
CDS: on
MetaspaceReclaimPolicy: balanced
 - commit_granule_bytes: 65536.
 - commit_granule_words: 8192.
 - virtual_space_node_default_size: 8388608.
 - enlarge_chunks_in_place: 1.
 - new_chunks_are_fully_committed: 0.
 - uncommit_free_chunks: 1.
 - use_allocation_guard: 0.
 - handle_deallocations: 1.


Internal statistics:

num_allocs_failed_limit: 0.
num_arena_births: 226.
num_arena_deaths: 0.
num_vsnodes_births: 2.
num_vsnodes_deaths: 0.
num_space_committed: 318.
num_space_uncommitted: 0.
num_chunks_returned_to_freelist: 0.
num_chunks_taken_from_freelist: 912.
num_chunk_merges: 0.
num_chunk_splits: 617.
num_chunks_enlarged: 463.
num_inconsistent_stats: 0.

CodeHeap 'non-profiled nmethods': size=120000Kb used=1267Kb max_used=1267Kb free=118732Kb
 bounds [0x00000236b22d0000, 0x00000236b2540000, 0x00000236b9800000]
CodeHeap 'profiled nmethods': size=120000Kb used=5376Kb max_used=5376Kb free=114623Kb
 bounds [0x00000236aa800000, 0x00000236aad50000, 0x00000236b1d30000]
CodeHeap 'non-nmethods': size=5760Kb used=1232Kb max_used=1278Kb free=4527Kb
 bounds [0x00000236b1d30000, 0x00000236b1fa0000, 0x00000236b22d0000]
 total_blobs=3112 nmethods=2569 adapters=455
 compilation: enabled
              stopped_count=0, restarted_count=0
 full_count=0

Compilation events (20 events):
Event: 30.145 Thread 0x00000236c1057970 2564       3       java.lang.reflect.Constructor::acquireConstructorAccessor (44 bytes)
Event: 30.145 Thread 0x00000236c1057970 nmethod 2564 0x00000236aad38810 code [0x00000236aad38a00, 0x00000236aad38ef8]
Event: 30.149 Thread 0x00000236c1057970 2565       3       java.lang.Class::getDeclaredConstructors (27 bytes)
Event: 30.149 Thread 0x00000236c1057970 nmethod 2565 0x00000236aad39090 code [0x00000236aad39280, 0x00000236aad39598]
Event: 30.159 Thread 0x00000236c1057970 2566       3       java.lang.invoke.InfoFromMemberName::getName (8 bytes)
Event: 30.160 Thread 0x00000236c1057970 nmethod 2566 0x00000236aad39710 code [0x00000236aad398e0, 0x00000236aad39cc8]
Event: 30.160 Thread 0x00000236c1057970 2567       3       java.lang.invoke.InfoFromMemberName::getMethodType (8 bytes)
Event: 30.160 Thread 0x00000236c1057970 nmethod 2567 0x00000236aad39e10 code [0x00000236aad39fc0, 0x00000236aad3a108]
Event: 30.160 Thread 0x00000236c1057970 2569       3       java.lang.invoke.InnerClassLambdaMetafactory::<init> (258 bytes)
Event: 30.162 Thread 0x00000236c1057970 nmethod 2569 0x00000236aad3a210 code [0x00000236aad3a620, 0x00000236aad3c558]
Event: 30.163 Thread 0x00000236c1057970 2568       3       java.lang.invoke.BootstrapMethodInvoker::isLambdaMetafactoryIndyBSM (13 bytes)
Event: 30.163 Thread 0x00000236c1057970 nmethod 2568 0x00000236aad3d010 code [0x00000236aad3d1a0, 0x00000236aad3d2f8]
Event: 30.163 Thread 0x00000236c1057970 2570       3       java.lang.invoke.Invokers$Holder::invokeExact_MT (32 bytes)
Event: 30.163 Thread 0x00000236c1057970 nmethod 2570 0x00000236aad3d390 code [0x00000236aad3d5a0, 0x00000236aad3def8]
Event: 30.163 Thread 0x00000236c1057970 2571       3       jdk.internal.org.objectweb.asm.SymbolTable::putBootstrapMethods (56 bytes)
Event: 30.164 Thread 0x00000236c1057970 nmethod 2571 0x00000236aad3e190 code [0x00000236aad3e380, 0x00000236aad3e688]
Event: 30.164 Thread 0x00000236c1057970 2572       3       jdk.internal.org.objectweb.asm.MethodVisitor::visitFieldInsn (20 bytes)
Event: 30.164 Thread 0x00000236c1057970 nmethod 2572 0x00000236aad3e890 code [0x00000236aad3ea40, 0x00000236aad3ec48]
Event: 30.226 Thread 0x00000236c1057970 2573   !   3       jdk.internal.reflect.GeneratedMethodAccessor1::invoke (68 bytes)
Event: 30.227 Thread 0x00000236c1057970 nmethod 2573 0x00000236aad3ed10 code [0x00000236aad3ef40, 0x00000236aad3f758]

GC Heap History (6 events):
Event: 2.112 GC heap before
{Heap before GC invocations=0 (full 0):
 garbage-first heap   total 196608K, used 13312K [0x0000000080000000, 0x0000000100000000)
  region size 1024K, 13 young (13312K), 0 survivors (0K)
 Metaspace       used 1049K, committed 1152K, reserved 491520K
  class space    used 82K, committed 128K, reserved 425984K
}
Event: 2.151 GC heap after
{Heap after GC invocations=1 (full 0):
 garbage-first heap   total 196608K, used 3677K [0x0000000080000000, 0x0000000100000000)
  region size 1024K, 2 young (2048K), 2 survivors (2048K)
 Metaspace       used 1049K, committed 1152K, reserved 491520K
  class space    used 82K, committed 128K, reserved 425984K
}
Event: 4.192 GC heap before
{Heap before GC invocations=1 (full 0):
 garbage-first heap   total 196608K, used 22109K [0x0000000080000000, 0x0000000100000000)
  region size 1024K, 17 young (17408K), 2 survivors (2048K)
 Metaspace       used 3905K, committed 4096K, reserved 491520K
  class space    used 488K, committed 576K, reserved 425984K
}
Event: 4.196 GC heap after
{Heap after GC invocations=2 (full 0):
 garbage-first heap   total 196608K, used 10843K [0x0000000080000000, 0x0000000100000000)
  region size 1024K, 3 young (3072K), 3 survivors (3072K)
 Metaspace       used 3905K, committed 4096K, reserved 491520K
  class space    used 488K, committed 576K, reserved 425984K
}
Event: 15.075 GC heap before
{Heap before GC invocations=2 (full 0):
 garbage-first heap   total 196608K, used 33371K [0x0000000080000000, 0x0000000100000000)
  region size 1024K, 25 young (25600K), 3 survivors (3072K)
 Metaspace       used 4028K, committed 4224K, reserved 491520K
  class space    used 490K, committed 576K, reserved 425984K
}
Event: 15.078 GC heap after
{Heap after GC invocations=3 (full 0):
 garbage-first heap   total 196608K, used 12418K [0x0000000080000000, 0x0000000100000000)
  region size 1024K, 2 young (2048K), 2 survivors (2048K)
 Metaspace       used 4028K, committed 4224K, reserved 491520K
  class space    used 490K, committed 576K, reserved 425984K
}

Deoptimization events (20 events):
Event: 29.228 Thread 0x00000236c1540fe0 Uncommon trap: trap_request=0xffffffc6 fr.pc=0x00000236b23f0f4c relative=0x000000000000172c
Event: 29.228 Thread 0x00000236c1540fe0 Uncommon trap: reason=bimorphic_or_optimized_type_check action=maybe_recompile pc=0x00000236b23f0f4c method=java.util.HashMap.putVal(ILjava/lang/Object;Ljava/lang/Object;ZZ)Ljava/lang/Object; @ 91 c2
Event: 29.228 Thread 0x00000236c1540fe0 DEOPT PACKING pc=0x00000236b23f0f4c sp=0x000000aae2ffacc0
Event: 29.228 Thread 0x00000236c1540fe0 DEOPT UNPACKING pc=0x00000236b1d823a3 sp=0x000000aae2ffac60 mode 2
Event: 29.228 Thread 0x00000236c1540fe0 Uncommon trap: trap_request=0xffffff45 fr.pc=0x00000236b23f2e6c relative=0x00000000000003ac
Event: 29.228 Thread 0x00000236c1540fe0 Uncommon trap: reason=unstable_if action=reinterpret pc=0x00000236b23f2e6c method=java.util.HashMap.getNode(Ljava/lang/Object;)Ljava/util/HashMap$Node; @ 131 c2
Event: 29.228 Thread 0x00000236c1540fe0 DEOPT PACKING pc=0x00000236b23f2e6c sp=0x000000aae2ffad50
Event: 29.228 Thread 0x00000236c1540fe0 DEOPT UNPACKING pc=0x00000236b1d823a3 sp=0x000000aae2ffac70 mode 2
Event: 29.450 Thread 0x00000236c1540fe0 Uncommon trap: trap_request=0xffffff45 fr.pc=0x00000236b22f6178 relative=0x00000000000000d8
Event: 29.450 Thread 0x00000236c1540fe0 Uncommon trap: reason=unstable_if action=reinterpret pc=0x00000236b22f6178 method=java.util.HashMap.hash(Ljava/lang/Object;)I @ 1 c2
Event: 29.450 Thread 0x00000236c1540fe0 DEOPT PACKING pc=0x00000236b22f6178 sp=0x000000aae2ff9cb0
Event: 29.450 Thread 0x00000236c1540fe0 DEOPT UNPACKING pc=0x00000236b1d823a3 sp=0x000000aae2ff9bf0 mode 2
Event: 30.011 Thread 0x00000236c1540fe0 Uncommon trap: trap_request=0xffffff76 fr.pc=0x00000236b2404900 relative=0x0000000000000160
Event: 30.011 Thread 0x00000236c1540fe0 Uncommon trap: reason=predicate action=maybe_recompile pc=0x00000236b2404900 method=com.google.common.base.CharMatcher.indexIn(Ljava/lang/CharSequence;I)I @ 19 c2
Event: 30.011 Thread 0x00000236c1540fe0 DEOPT PACKING pc=0x00000236b2404900 sp=0x000000aae2ffa1d0
Event: 30.011 Thread 0x00000236c1540fe0 DEOPT UNPACKING pc=0x00000236b1d823a3 sp=0x000000aae2ffa160 mode 2
Event: 30.187 Thread 0x00000236c1540fe0 Uncommon trap: trap_request=0xffffffc6 fr.pc=0x00000236b234fe10 relative=0x0000000000000cf0
Event: 30.187 Thread 0x00000236c1540fe0 Uncommon trap: reason=bimorphic_or_optimized_type_check action=maybe_recompile pc=0x00000236b234fe10 method=java.util.Properties$LineReader.readLine()I @ 479 c2
Event: 30.187 Thread 0x00000236c1540fe0 DEOPT PACKING pc=0x00000236b234fe10 sp=0x000000aae2ffb2a0
Event: 30.187 Thread 0x00000236c1540fe0 DEOPT UNPACKING pc=0x00000236b1d823a3 sp=0x000000aae2ffb240 mode 2

Classes unloaded (0 events):
No events

Classes redefined (0 events):
No events

Internal exceptions (20 events):
Event: 27.627 Thread 0x00000236c1540fe0 Exception <a 'java/lang/NoSuchMethodError'{0x000000008913b920}: 'java.lang.Object java.lang.invoke.Invokers$Holder.invoker(java.lang.Object, java.lang.Object, java.lang.Object, java.lang.Object, java.lang.Object, java.lang.Object, java.lang.Object, java.lang.Object, java.lang.Object, java.lang.Object)'> (0x000000008913b920) 
thrown [s\open\src\hotspot\share\interpreter\linkResolver.cpp, line 759]
Event: 27.627 Thread 0x00000236c1540fe0 Exception <a 'java/lang/NoSuchMethodError'{0x00000000891414a8}: 'java.lang.Object java.lang.invoke.DirectMethodHandle$Holder.invokeSpecial(java.lang.Object, java.lang.Object, java.lang.Object, java.lang.Object, java.lang.Object, java.lang.Object, java.lang.Object, java.lang.Object, java.lang.Object, java.lang.Object, java.lang.Object)'> (0x00000000891414a8) 
thrown [s\open\src\hotspot\share\interpreter\linkResolver.cpp, line 759]
Event: 27.938 Thread 0x00000236c1540fe0 Exception <a 'java/lang/NoSuchMethodError'{0x0000000088cae660}: 'void java.lang.invoke.DirectMethodHandle$Holder.invokeStaticInit(java.lang.Object)'> (0x0000000088cae660) 
thrown [s\open\src\hotspot\share\interpreter\linkResolver.cpp, line 759]
Event: 27.988 Thread 0x00000236c1540fe0 Exception <a 'java/lang/NoSuchMethodError'{0x0000000088b5c7a0}: 'java.lang.Object java.lang.invoke.DirectMethodHandle$Holder.newInvokeSpecial(java.lang.Object, java.lang.Object, java.lang.Object, int)'> (0x0000000088b5c7a0) 
thrown [s\open\src\hotspot\share\interpreter\linkResolver.cpp, line 759]
Event: 27.989 Thread 0x00000236c1540fe0 Exception <a 'java/lang/NoSuchMethodError'{0x0000000088b610d0}: 'java.lang.Object java.lang.invoke.DirectMethodHandle$Holder.invokeSpecial(java.lang.Object, java.lang.Object, java.lang.Object, java.lang.Object, int)'> (0x0000000088b610d0) 
thrown [s\open\src\hotspot\share\interpreter\linkResolver.cpp, line 759]
Event: 27.989 Thread 0x00000236c1540fe0 Exception <a 'java/lang/NoSuchMethodError'{0x0000000088b651e8}: 'java.lang.Object java.lang.invoke.Invokers$Holder.linkToTargetMethod(java.lang.Object, java.lang.Object, int, java.lang.Object)'> (0x0000000088b651e8) 
thrown [s\open\src\hotspot\share\interpreter\linkResolver.cpp, line 759]
Event: 28.795 Thread 0x00000236c1540fe0 Exception <a 'java/lang/NoSuchMethodError'{0x0000000087fcf1a8}: 'int java.lang.invoke.DirectMethodHandle$Holder.invokeSpecialIFC(java.lang.Object, java.lang.Object, java.lang.Object, java.lang.Object)'> (0x0000000087fcf1a8) 
thrown [s\open\src\hotspot\share\interpreter\linkResolver.cpp, line 759]
Event: 28.798 Thread 0x00000236c1540fe0 Exception <a 'java/lang/NoSuchMethodError'{0x0000000087fde180}: 'java.lang.Object java.lang.invoke.DirectMethodHandle$Holder.invokeInterface(java.lang.Object, java.lang.Object, java.lang.Object)'> (0x0000000087fde180) 
thrown [s\open\src\hotspot\share\interpreter\linkResolver.cpp, line 759]
Event: 28.798 Thread 0x00000236c1540fe0 Exception <a 'java/lang/IncompatibleClassChangeError'{0x0000000087fe1d98}: Found class java.lang.Object, but interface was expected> (0x0000000087fe1d98) 
thrown [s\open\src\hotspot\share\interpreter\linkResolver.cpp, line 826]
Event: 28.855 Thread 0x00000236c1540fe0 Exception <a 'java/lang/NoSuchMethodError'{0x0000000087ed82e8}: 'int java.lang.invoke.DirectMethodHandle$Holder.invokeStatic(java.lang.Object, java.lang.Object, java.lang.Object, java.lang.Object)'> (0x0000000087ed82e8) 
thrown [s\open\src\hotspot\share\interpreter\linkResolver.cpp, line 759]
Event: 28.856 Thread 0x00000236c1540fe0 Exception <a 'java/lang/NoSuchMethodError'{0x0000000087edbf10}: 'java.lang.Object java.lang.invoke.Invokers$Holder.invokeExact_MT(java.lang.Object, java.lang.Object, java.lang.Object, java.lang.Object, java.lang.Object, java.lang.Object)'> (0x0000000087edbf10) 
thrown [s\open\src\hotspot\share\interpreter\linkResolver.cpp, line 759]
Event: 28.988 Thread 0x00000236c1540fe0 Exception <a 'java/lang/NoSuchMethodError'{0x0000000087ac0e80}: 'java.lang.Object java.lang.invoke.DirectMethodHandle$Holder.invokeSpecial(java.lang.Object, java.lang.Object, java.lang.Object, java.lang.Object, java.lang.Object, java.lang.Object, java.lang.Object, java.lang.Object, java.lang.Object)'> (0x0000000087ac0e80) 
thrown [s\open\src\hotspot\share\interpreter\linkResolver.cpp, line 759]
Event: 29.196 Thread 0x00000236c1540fe0 Exception <a 'java/lang/NoSuchMethodError'{0x00000000874a3c08}: 'java.lang.Object java.lang.invoke.DirectMethodHandle$Holder.invokeVirtual(java.lang.Object, java.lang.Object, java.lang.Object, java.lang.Object)'> (0x00000000874a3c08) 
thrown [s\open\src\hotspot\share\interpreter\linkResolver.cpp, line 759]
Event: 29.249 Thread 0x00000236c1540fe0 Exception <a 'java/lang/NoSuchMethodError'{0x00000000873f6e20}: 'java.lang.Object java.lang.invoke.DirectMethodHandle$Holder.newInvokeSpecial(java.lang.Object, java.lang.Object, java.lang.Object, java.lang.Object, java.lang.Object, java.lang.Object, java.lang.Object)'> (0x00000000873f6e20) 
thrown [s\open\src\hotspot\share\interpreter\linkResolver.cpp, line 759]
Event: 29.250 Thread 0x00000236c1540fe0 Exception <a 'java/lang/NoSuchMethodError'{0x00000000873fbaf0}: 'java.lang.Object java.lang.invoke.Invokers$Holder.linkToTargetMethod(java.lang.Object, java.lang.Object, java.lang.Object, java.lang.Object, java.lang.Object, java.lang.Object, java.lang.Object)'> (0x00000000873fbaf0) 
thrown [s\open\src\hotspot\share\interpreter\linkResolver.cpp, line 759]
Event: 29.450 Thread 0x00000236c1540fe0 Implicit null exception at 0x00000236b22f60d8 to 0x00000236b22f616e
Event: 30.110 Thread 0x00000236c1540fe0 Exception <a 'java/lang/NoSuchMethodError'{0x0000000086252ec8}: 'void java.lang.invoke.DirectMethodHandle$Holder.invokeStatic(java.lang.Object, java.lang.Object, java.lang.Object, java.lang.Object)'> (0x0000000086252ec8) 
thrown [s\open\src\hotspot\share\interpreter\linkResolver.cpp, line 759]
Event: 30.113 Thread 0x00000236c1540fe0 Exception <a 'java/lang/NoSuchMethodError'{0x00000000862675b0}: 'int java.lang.invoke.DirectMethodHandle$Holder.invokeVirtual(java.lang.Object, java.lang.Object)'> (0x00000000862675b0) 
thrown [s\open\src\hotspot\share\interpreter\linkResolver.cpp, line 759]
Event: 30.116 Thread 0x00000236c1540fe0 Exception <a 'java/lang/NoSuchMethodError'{0x0000000086279e90}: 'java.lang.Object java.lang.invoke.DirectMethodHandle$Holder.invokeStaticInit(java.lang.Object, java.lang.Object, java.lang.Object)'> (0x0000000086279e90) 
thrown [s\open\src\hotspot\share\interpreter\linkResolver.cpp, line 759]
Event: 30.119 Thread 0x00000236c1540fe0 Exception <a 'java/lang/NoSuchMethodError'{0x000000008628f828}: 'int java.lang.invoke.DirectMethodHandle$Holder.invokeVirtual(java.lang.Object, java.lang.Object, java.lang.Object)'> (0x000000008628f828) 
thrown [s\open\src\hotspot\share\interpreter\linkResolver.cpp, line 759]

VM Operations (20 events):
Event: 26.714 Executing VM operation: HandshakeAllThreads
Event: 26.714 Executing VM operation: HandshakeAllThreads done
Event: 27.495 Executing VM operation: HandshakeAllThreads
Event: 27.495 Executing VM operation: HandshakeAllThreads done
Event: 28.170 Executing VM operation: HandshakeAllThreads
Event: 28.170 Executing VM operation: HandshakeAllThreads done
Event: 28.170 Executing VM operation: Cleanup
Event: 28.171 Executing VM operation: Cleanup done
Event: 28.171 Executing VM operation: HandshakeAllThreads
Event: 28.171 Executing VM operation: HandshakeAllThreads done
Event: 28.229 Executing VM operation: HandshakeAllThreads
Event: 28.229 Executing VM operation: HandshakeAllThreads done
Event: 28.229 Executing VM operation: HandshakeAllThreads
Event: 28.229 Executing VM operation: HandshakeAllThreads done
Event: 29.234 Executing VM operation: Cleanup
Event: 29.238 Executing VM operation: Cleanup done
Event: 30.190 Executing VM operation: HandshakeAllThreads
Event: 30.190 Executing VM operation: HandshakeAllThreads done
Event: 30.191 Executing VM operation: HandshakeAllThreads
Event: 30.191 Executing VM operation: HandshakeAllThreads done

Events (20 events):
Event: 29.129 loading class javax/xml/xpath/XPathException done
Event: 29.129 loading class javax/xml/xpath/XPathExpressionException done
Event: 29.129 loading class org/xml/sax/ErrorHandler
Event: 29.129 loading class org/xml/sax/ErrorHandler done
Event: 29.966 loading class java/util/function/UnaryOperator
Event: 29.967 loading class java/util/function/UnaryOperator done
Event: 29.988 loading class java/util/concurrent/TimeoutException
Event: 29.988 loading class java/util/concurrent/TimeoutException done
Event: 29.988 loading class java/util/concurrent/CancellationException
Event: 29.988 loading class java/util/concurrent/CancellationException done
Event: 29.994 loading class java/util/ServiceConfigurationError
Event: 29.994 loading class java/util/ServiceConfigurationError done
Event: 30.065 Thread 0x00000236c153f690 Thread added: 0x00000236c153f690
Event: 30.065 loading class java/util/concurrent/locks/AbstractQueuedSynchronizer$SharedNode
Event: 30.065 loading class java/util/concurrent/locks/AbstractQueuedSynchronizer$SharedNode done
Event: 30.108 loading class java/io/InterruptedIOException
Event: 30.108 loading class java/io/InterruptedIOException done
Event: 30.111 Thread 0x00000236c153fba0 Thread added: 0x00000236c153fba0
Event: 30.120 loading class java/util/ArrayDeque$DeqSpliterator
Event: 30.120 loading class java/util/ArrayDeque$DeqSpliterator done


Dynamic libraries:
0x00007ff6a46d0000 - 0x00007ff6a46e0000 	C:\Program Files\Java\jdk-17\bin\java.exe
0x00007ff898110000 - 0x00007ff898308000 	C:\Windows\SYSTEM32\ntdll.dll
0x00007ff8859a0000 - 0x00007ff8859b9000 	C:\Program Files\Avast Software\Avast\aswhook.dll
0x00007ff897940000 - 0x00007ff8979fd000 	C:\Windows\System32\KERNEL32.DLL
0x00007ff895d80000 - 0x00007ff896076000 	C:\Windows\System32\KERNELBASE.dll
0x00007ff895980000 - 0x00007ff895a80000 	C:\Windows\System32\ucrtbase.dll
0x00007ff88e0f0000 - 0x00007ff88e109000 	C:\Program Files\Java\jdk-17\bin\jli.dll
0x00007ff896160000 - 0x00007ff896210000 	C:\Windows\System32\ADVAPI32.dll
0x00007ff897a60000 - 0x00007ff897afe000 	C:\Windows\System32\msvcrt.dll
0x00007ff896c10000 - 0x00007ff896cb0000 	C:\Windows\System32\sechost.dll
0x00007ff896720000 - 0x00007ff896843000 	C:\Windows\System32\RPCRT4.dll
0x00007ff895ba0000 - 0x00007ff895bc7000 	C:\Windows\System32\bcrypt.dll
0x00007ff897b20000 - 0x00007ff897cbf000 	C:\Windows\System32\USER32.dll
0x00007ff896080000 - 0x00007ff8960a2000 	C:\Windows\System32\win32u.dll
0x00007ff896910000 - 0x00007ff89693b000 	C:\Windows\System32\GDI32.dll
0x00007ff895a80000 - 0x00007ff895b97000 	C:\Windows\System32\gdi32full.dll
0x00007ff8960b0000 - 0x00007ff89614d000 	C:\Windows\System32\msvcp_win.dll
0x00007ff88e380000 - 0x00007ff88e39b000 	C:\Program Files\Java\jdk-17\bin\VCRUNTIME140.dll
0x00007ff886670000 - 0x00007ff88690a000 	C:\Windows\WinSxS\amd64_microsoft.windows.common-controls_6595b64144ccf1df_6.0.19041.4355_none_60b8b9eb71f62e16\COMCTL32.dll
0x00007ff885be0000 - 0x00007ff885bea000 	C:\Windows\SYSTEM32\VERSION.dll
0x00007ff8969d0000 - 0x00007ff8969ff000 	C:\Windows\System32\IMM32.DLL
0x00007ff88e510000 - 0x00007ff88e51c000 	C:\Program Files\Java\jdk-17\bin\vcruntime140_1.dll
0x00007ff871d10000 - 0x00007ff871d9e000 	C:\Program Files\Java\jdk-17\bin\msvcp140.dll
0x00007ff84b270000 - 0x00007ff84be50000 	C:\Program Files\Java\jdk-17\bin\server\jvm.dll
0x00007ff897b10000 - 0x00007ff897b18000 	C:\Windows\System32\PSAPI.DLL
0x00007ff884070000 - 0x00007ff884079000 	C:\Windows\SYSTEM32\WSOCK32.dll
0x00007ff897cc0000 - 0x00007ff897d2b000 	C:\Windows\System32\WS2_32.dll
0x00007ff87bc70000 - 0x00007ff87bc97000 	C:\Windows\SYSTEM32\WINMM.dll
0x00007ff893650000 - 0x00007ff893662000 	C:\Windows\SYSTEM32\kernel.appcore.dll
0x00007ff88b500000 - 0x00007ff88b50a000 	C:\Program Files\Java\jdk-17\bin\jimage.dll
0x00007ff88a7b0000 - 0x00007ff88a994000 	C:\Windows\SYSTEM32\DBGHELP.DLL
0x00007ff88b510000 - 0x00007ff88b544000 	C:\Windows\SYSTEM32\dbgcore.DLL
0x00007ff895bd0000 - 0x00007ff895c52000 	C:\Windows\System32\bcryptPrimitives.dll
0x00007ff889870000 - 0x00007ff88987e000 	C:\Program Files\Java\jdk-17\bin\instrument.dll
0x00007ff88b4d0000 - 0x00007ff88b4f5000 	C:\Program Files\Java\jdk-17\bin\java.dll
0x00007ff86e640000 - 0x00007ff86e717000 	C:\Program Files\Java\jdk-17\bin\jsvml.dll
0x00007ff8971d0000 - 0x00007ff89793c000 	C:\Windows\System32\SHELL32.dll
0x00007ff893850000 - 0x00007ff893fed000 	C:\Windows\SYSTEM32\windows.storage.dll
0x00007ff8962e0000 - 0x00007ff896633000 	C:\Windows\System32\combase.dll
0x00007ff895180000 - 0x00007ff8951ae000 	C:\Windows\SYSTEM32\Wldp.dll
0x00007ff896210000 - 0x00007ff8962dd000 	C:\Windows\System32\OLEAUT32.dll
0x00007ff896cb0000 - 0x00007ff896d5d000 	C:\Windows\System32\SHCORE.dll
0x00007ff896a00000 - 0x00007ff896a55000 	C:\Windows\System32\shlwapi.dll
0x00007ff895700000 - 0x00007ff895724000 	C:\Windows\SYSTEM32\profapi.dll
0x00007ff889320000 - 0x00007ff889338000 	C:\Program Files\Java\jdk-17\bin\zip.dll
0x00007ff88b4b0000 - 0x00007ff88b4c9000 	C:\Program Files\Java\jdk-17\bin\net.dll
0x00007ff88ab20000 - 0x00007ff88ac2a000 	C:\Windows\SYSTEM32\WINHTTP.dll
0x00007ff894e80000 - 0x00007ff894eea000 	C:\Windows\system32\mswsock.dll
0x00007ff889900000 - 0x00007ff889916000 	C:\Program Files\Java\jdk-17\bin\nio.dll
0x00007ff88b400000 - 0x00007ff88b410000 	C:\Program Files\Java\jdk-17\bin\verify.dll
0x00007ff889030000 - 0x00007ff889057000 	C:\Users\umar\.gradle\native\68d5fa5c4cc2d200863cafc0d521ce42e7d3e7ee720ec0a83991735586a16f82\windows-amd64\native-platform.dll
0x00007ff861630000 - 0x00007ff861774000 	C:\Users\umar\.gradle\native\e376f236ea51e6404a007f0833ffe2c6e607c4080706a723a18a27aeea778392\windows-amd64\native-platform-file-events.dll
0x00007ff889a20000 - 0x00007ff889a2a000 	C:\Program Files\Java\jdk-17\bin\management.dll
0x00007ff8899f0000 - 0x00007ff8899fb000 	C:\Program Files\Java\jdk-17\bin\management_ext.dll
0x00007ff895070000 - 0x00007ff895088000 	C:\Windows\SYSTEM32\CRYPTSP.dll
0x00007ff8947a0000 - 0x00007ff8947d4000 	C:\Windows\system32\rsaenh.dll
0x00007ff8956b0000 - 0x00007ff8956de000 	C:\Windows\SYSTEM32\USERENV.dll
0x00007ff895090000 - 0x00007ff89509c000 	C:\Windows\SYSTEM32\CRYPTBASE.dll
0x00007ff894b60000 - 0x00007ff894b9b000 	C:\Windows\SYSTEM32\IPHLPAPI.DLL
0x00007ff897b00000 - 0x00007ff897b08000 	C:\Windows\System32\NSI.dll
0x00007ff88b6a0000 - 0x00007ff88b6b7000 	C:\Windows\SYSTEM32\dhcpcsvc6.DLL
0x00007ff88c670000 - 0x00007ff88c68d000 	C:\Windows\SYSTEM32\dhcpcsvc.DLL
0x00007ff894ba0000 - 0x00007ff894c6a000 	C:\Windows\SYSTEM32\DNSAPI.dll
0x00007ff889310000 - 0x00007ff88931e000 	C:\Program Files\Java\jdk-17\bin\sunmscapi.dll
0x00007ff8957d0000 - 0x00007ff89592e000 	C:\Windows\System32\CRYPT32.dll
0x00007ff8951f0000 - 0x00007ff895219000 	C:\Windows\SYSTEM32\ncrypt.dll
0x00007ff8951b0000 - 0x00007ff8951eb000 	C:\Windows\SYSTEM32\NTASN1.dll
0x00007ff889020000 - 0x00007ff889027000 	C:\Windows\system32\wshunix.dll

dbghelp: loaded successfully - version: 4.0.5 - missing functions: none
symbol engine: initialized successfully - sym options: 0x614 - pdb path: .;C:\Program Files\Java\jdk-17\bin;C:\Windows\SYSTEM32;C:\Program Files\Avast Software\Avast;C:\Windows\WinSxS\amd64_microsoft.windows.common-controls_6595b64144ccf1df_6.0.19041.4355_none_60b8b9eb71f62e16;C:\Program Files\Java\jdk-17\bin\server;C:\Users\umar\.gradle\native\68d5fa5c4cc2d200863cafc0d521ce42e7d3e7ee720ec0a83991735586a16f82\windows-amd64;C:\Users\umar\.gradle\native\e376f236ea51e6404a007f0833ffe2c6e607c4080706a723a18a27aeea778392\windows-amd64

VM Arguments:
jvm_args: -XX:MaxMetaspaceSize=512m --add-opens=java.base/java.util=ALL-UNNAMED --add-opens=java.base/java.lang=ALL-UNNAMED --add-opens=java.base/java.lang.invoke=ALL-UNNAMED --add-opens=java.prefs/java.util.prefs=ALL-UNNAMED --add-opens=java.base/java.nio.charset=ALL-UNNAMED --add-opens=java.base/java.net=ALL-UNNAMED --add-opens=java.base/java.util.concurrent.atomic=ALL-UNNAMED -Xmx2048m -Dfile.encoding=windows-1252 -Duser.country=GB -Duser.language=en -Duser.variant -javaagent:C:\Users\umar\.gradle\wrapper\dists\gradle-8.2-all\6mxqtxovn2faat1idb7p6lxsa\gradle-8.2\lib\agents\gradle-instrumentation-agent-8.2.jar 
java_command: org.gradle.launcher.daemon.bootstrap.GradleDaemon 8.2
java_class_path (initial): C:\Users\umar\.gradle\wrapper\dists\gradle-8.2-all\6mxqtxovn2faat1idb7p6lxsa\gradle-8.2\lib\gradle-launcher-8.2.jar
Launcher Type: SUN_STANDARD

[Global flags]
     intx CICompilerCount                          = 3                                         {product} {ergonomic}
   size_t CompressedClassSpaceSize                 = 436207616                                 {product} {ergonomic}
     uint ConcGCThreads                            = 1                                         {product} {ergonomic}
     uint G1ConcRefinementThreads                  = 4                                         {product} {ergonomic}
   size_t G1HeapRegionSize                         = 1048576                                   {product} {ergonomic}
    uintx GCDrainStackTargetSize                   = 64                                        {product} {ergonomic}
   size_t InitialHeapSize                          = 201326592                                 {product} {ergonomic}
   size_t MarkStackSize                            = 4194304                                   {product} {ergonomic}
   size_t MaxHeapSize                              = 2147483648                                {product} {command line}
   size_t MaxMetaspaceSize                         = 536870912                                 {product} {command line}
   size_t MaxNewSize                               = 1287651328                                {product} {ergonomic}
   size_t MinHeapDeltaBytes                        = 1048576                                   {product} {ergonomic}
   size_t MinHeapSize                              = 8388608                                   {product} {ergonomic}
    uintx NonNMethodCodeHeapSize                   = 5832780                                {pd product} {ergonomic}
    uintx NonProfiledCodeHeapSize                  = 122912730                              {pd product} {ergonomic}
    uintx ProfiledCodeHeapSize                     = 122912730                              {pd product} {ergonomic}
    uintx ReservedCodeCacheSize                    = 251658240                              {pd product} {ergonomic}
     bool SegmentedCodeCache                       = true                                      {product} {ergonomic}
   size_t SoftMaxHeapSize                          = 2147483648                             {manageable} {ergonomic}
     bool UseCompressedClassPointers               = true                           {product lp64_product} {ergonomic}
     bool UseCompressedOops                        = true                           {product lp64_product} {ergonomic}
     bool UseG1GC                                  = true                                      {product} {ergonomic}
     bool UseLargePagesIndividualAllocation        = false                                  {pd product} {ergonomic}

Logging:
Log output configuration:
 #0: stdout all=warning uptime,level,tags
 #1: stderr all=off uptime,level,tags

Environment Variables:
JAVA_HOME=C:\Program Files\Java\jdk-17
CLASSPATH=E:\umar\reactNativeApp\android\\gradle\wrapper\gradle-wrapper.jar
PATH=C:\Users\umar\AppData\Local\Temp\xfs-20f0ef16;C:\Program Files\Common Files\Oracle\Java\javapath;C:\Windows\system32;C:\Windows;C:\Windows\System32\Wbem;C:\Windows\System32\WindowsPowerShell\v1.0\;C:\Windows\System32\OpenSSH\;E:\php laravel\php;C:\Program Files (x86)\dotnet\;C:\ProgramData\chocolatey\bin;C:\Program Files\nodejs\;C:\Users\umar\AppData\Local\Android\Sdk\platform-tools;C:\Users\umar\AppData\Local\Programs\Python\Python312\Scripts\;C:\Users\umar\AppData\Local\Programs\Python\Python312\;C:\Users\umar\AppData\Local\Microsoft\WindowsApps;C:\Users\umar\AppData\Roaming\npm;C:\Users\umar\AppData\Local\Programs\Microsoft VS Code\bin;C:\Users\umar\AppData\Local\Android\Sdk\platform-tools;C:\Users\umar\AppData\Local\GitHubDesktop\bin
USERNAME=umar
LANG=en_US.UTF-8
OS=Windows_NT
PROCESSOR_IDENTIFIER=Intel64 Family 6 Model 58 Stepping 9, GenuineIntel



---------------  S Y S T E M  ---------------

OS:
 Windows 10 , 64 bit Build 19041 (10.0.19041.3636)
OS uptime: 35 days 8:58 hours

CPU: total 4 (initial active 4) (2 cores per cpu, 2 threads per core) family 6 model 58 stepping 9 microcode 0x21, cx8, cmov, fxsr, ht, mmx, sse, sse2, sse3, ssse3, sse4.1, sse4.2, popcnt, tsc, tscinvbit, avx, aes, erms, clmul, vzeroupper, clflush

Memory: 4k page, system-wide physical 12190M (289M free)
TotalPageFile size 20932M (AvailPageFile size 2M)
current process WorkingSet (physical memory assigned to process): 220M, peak: 220M
current process commit charge ("private bytes"): 343M, peak: 345M

vm_info: Java HotSpot(TM) 64-Bit Server VM (17.0.11+7-LTS-207) for windows-amd64 JRE (17.0.11+7-LTS-207), built on Mar 11 2024 19:01:50 by "mach5one" with MS VC++ 17.6 (VS2022)

END.
